2018-08-13T12:20:53.368Z - normal: Load ~/.CocosCreator/settings.json
2018-08-13T12:20:53.371Z - normal: checking language setting...
2018-08-13T12:20:53.371Z - normal: Language: zh
2018-08-13T12:20:54.095Z - success: protocol editor-framework registered
2018-08-13T12:20:54.095Z - success: protocol app registered
2018-08-13T12:20:54.095Z - success: protocol theme registered
2018-08-13T12:20:54.095Z - success: protocol packages registered
2018-08-13T12:20:54.095Z - success: protocol unpack registerred
2018-08-13T12:20:54.096Z - success: protocol disable-commonjs registerred
2018-08-13T12:20:55.225Z - normal: connected!
2018-08-13T12:20:55.227Z - normal: Check project /Users/likeke/Documents/pro/projects/classifyShip
2018-08-13T12:20:55.228Z - normal: Initializing Cocos2d
2018-08-13T12:20:55.444Z - normal: Initializing Asset Database
2018-08-13T12:20:55.480Z - success: protocol uuid registerred
2018-08-13T12:20:55.481Z - success: protocol db registerred
2018-08-13T12:20:55.481Z - success: protocol thumbnail registerred
2018-08-13T12:20:55.481Z - normal: Loading editor/builtin packages
2018-08-13T12:20:55.501Z - success: anysdk loaded
2018-08-13T12:20:55.620Z - success: assets loaded
2018-08-13T12:20:55.625Z - success: builder loaded
2018-08-13T12:20:55.627Z - success: cocos-analytics loaded
2018-08-13T12:20:55.631Z - success: console loaded
2018-08-13T12:20:55.663Z - success: fb-instant-games loaded
2018-08-13T12:20:55.668Z - success: hierarchy loaded
2018-08-13T12:20:55.672Z - success: inspector loaded
2018-08-13T12:20:55.674Z - success: keystore loaded
2018-08-13T12:20:55.677Z - success: node-library loaded
2018-08-13T12:20:55.679Z - success: package-asset loaded
2018-08-13T12:20:55.681Z - success: preferences loaded
2018-08-13T12:20:55.684Z - success: project-exporter loaded
2018-08-13T12:20:55.702Z - success: project-importer loaded
2018-08-13T12:20:55.705Z - success: project-settings loaded
2018-08-13T12:20:55.711Z - success: ui-kit loaded
2018-08-13T12:20:55.716Z - success: ui-grid loaded
2018-08-13T12:20:55.720Z - success: scene loaded
2018-08-13T12:20:55.721Z - success: sprite-editor loaded
2018-08-13T12:20:55.725Z - success: store loaded
2018-08-13T12:20:55.731Z - success: timeline loaded
2018-08-13T12:20:55.731Z - normal: Loading builtin packages
2018-08-13T12:20:55.736Z - success: asset-db-debugger loaded
2018-08-13T12:20:55.737Z - success: color-picker loaded
2018-08-13T12:20:55.741Z - success: package-manager loaded
2018-08-13T12:20:55.743Z - success: qqplay-adapter loaded
2018-08-13T12:20:55.749Z - success: sdkbox loaded
2018-08-13T12:20:55.755Z - success: tester loaded
2018-08-13T12:20:55.758Z - success: ui-kit-preview-extra loaded
2018-08-13T12:20:55.762Z - success: ui-kit-preview loaded
2018-08-13T12:20:55.766Z - success: ui-tree loaded
2018-08-13T12:20:55.767Z - success: weapp-adapter loaded
2018-08-13T12:20:56.757Z - normal: Initializing project /Users/likeke/Documents/pro/projects/classifyShip
2018-08-13T12:20:56.761Z - normal: Loading packages
2018-08-13T12:20:56.768Z - normal: Watching packages
2018-08-13T12:20:56.881Z - normal: Run Application
2018-08-13T12:20:58.066Z - success: preview server running at http://localhost:7457
2018-08-13T12:21:02.856Z - normal: 1.9.3
2018-08-13T12:33:55.510Z - normal: Start building with options : {
  "androidStudio": true,
  "apiLevel": "",
  "appABIs": [],
  "appKey": "",
  "appSecret": "",
  "buildPath": "/Users/likeke/Documents/pro/projects/classifyShip/build",
  "debug": false,
  "dest": "/Users/likeke/Documents/pro/projects/classifyShip/build/web-mobile",
  "encryptJs": true,
  "excludeScenes": [],
  "excludedModules": [
    "Mask",
    "CCSpriteDistortion",
    "TiledMap",
    "ProgressBar",
    "ScrollBar",
    "ScrollView",
    "Toggle",
    "PageView",
    "PageViewIndicator",
    "Slider",
    "EditorBox",
    "VideoPlayer",
    "RichText",
    "MotionStreak",
    "Graphics",
    "DragonBones",
    "Physics",
    "StudioComponent"
  ],
  "fb-instant-games": {},
  "includeAnySDK": false,
  "includeEruda": false,
  "includeSDKBox": false,
  "inlineSpriteFrames": true,
  "inlineSpriteFrames_native": true,
  "jailbreakPlatform": false,
  "md5Cache": false,
  "mergeStartScene": false,
  "oauthLoginServer": "",
  "optimizeHotUpdate": false,
  "orientation": {
    "landscapeLeft": true,
    "landscapeRight": true,
    "portrait": false,
    "upsideDown": false
  },
  "packageName": "org.cocos2d.ZhuoXiaoYu",
  "platform": "web-mobile",
  "previewHeight": "720",
  "previewWidth": "1280",
  "privateKey": "",
  "qqplay": {
    "REMOTE_SERVER_ROOT": "",
    "orientation": "portrait"
  },
  "renderMode": "0",
  "scenes": [
    "c0e4e3a0-b011-41b6-82d6-c31f202631fe"
  ],
  "sourceMaps": false,
  "startScene": "c0e4e3a0-b011-41b6-82d6-c31f202631fe",
  "template": "link",
  "title": "classifyShip",
  "useDebugKeystore": true,
  "vsVersion": "auto",
  "webOrientation": "auto",
  "wechatgame": {
    "REMOTE_SERVER_ROOT": "",
    "appid": "wx6ac3f5090a6b99c5",
    "isSubdomain": false,
    "orientation": "portrait",
    "subContext": ""
  },
  "xxteaKey": "d205a30b-873b-4c",
  "zipCompressJs": true,
  "project": "/Users/likeke/Documents/pro/projects/classifyShip",
  "projectName": "classifyShip",
  "debugBuildWorker": false
}
2018-08-13T12:33:55.513Z - normal: Building /Users/likeke/Documents/pro/projects/classifyShip
2018-08-13T12:33:55.513Z - normal: Destination /Users/likeke/Documents/pro/projects/classifyShip/build/web-mobile
2018-08-13T12:33:55.834Z - normal: Delete /Users/likeke/Documents/pro/projects/classifyShip/build/web-mobile/**/*
2018-08-13T12:34:33.757Z - normal: Compiled project javascript file successfully
2018-08-13T12:34:33.758Z - normal: Start building assets
2018-08-13T12:34:33.759Z - normal: Start spawn build-worker
2018-08-13T12:34:34.457Z - normal: Finish spawn build-worker
2018-08-13T12:34:34.458Z - normal: Start init build-worker
2018-08-13T12:34:36.599Z - normal: 1.9.3
2018-08-13T12:34:36.729Z - normal: Finish init build-worker
2018-08-13T12:34:36.729Z - normal: Start build-assets in worker
2018-08-13T12:34:37.516Z - normal: Finish build-assets in worker
2018-08-13T12:34:37.520Z - normal: Finish building assets
2018-08-13T12:34:37.551Z - normal: Start building raw assets
2018-08-13T12:34:37.552Z - normal: Start building plugin scripts
2018-08-13T12:34:37.706Z - normal: Finish building raw assets
2018-08-13T12:34:37.731Z - normal: Generating main.js from /Applications/CocosCreator.app/Contents/Resources/static/build-templates/shares/main.js
2018-08-13T12:34:37.747Z - normal: Generating html from /Applications/CocosCreator.app/Contents/Resources/static/build-templates/web-mobile/template/index.html
2018-08-13T12:34:37.763Z - normal: Built to "/Users/likeke/Documents/pro/projects/classifyShip/build/web-mobile" successfully
2018-08-13T12:45:24.662Z - normal: Start building with options : {
  "androidStudio": true,
  "apiLevel": "",
  "appABIs": [],
  "appKey": "",
  "appSecret": "",
  "buildPath": "/Users/likeke/Documents/pro/projects/classifyShip/build",
  "debug": false,
  "dest": "/Users/likeke/Documents/pro/projects/classifyShip/build/web-mobile",
  "encryptJs": true,
  "excludeScenes": [],
  "excludedModules": [
    "Mask",
    "CCSpriteDistortion",
    "TiledMap",
    "ProgressBar",
    "ScrollBar",
    "ScrollView",
    "Toggle",
    "PageView",
    "PageViewIndicator",
    "Slider",
    "EditorBox",
    "VideoPlayer",
    "RichText",
    "MotionStreak",
    "Graphics",
    "DragonBones",
    "Physics",
    "StudioComponent"
  ],
  "fb-instant-games": {},
  "includeAnySDK": false,
  "includeEruda": false,
  "includeSDKBox": false,
  "inlineSpriteFrames": true,
  "inlineSpriteFrames_native": true,
  "jailbreakPlatform": false,
  "md5Cache": false,
  "mergeStartScene": false,
  "oauthLoginServer": "",
  "optimizeHotUpdate": false,
  "orientation": {
    "landscapeLeft": true,
    "landscapeRight": true,
    "portrait": false,
    "upsideDown": false
  },
  "packageName": "org.cocos2d.ZhuoXiaoYu",
  "platform": "web-mobile",
  "previewHeight": "720",
  "previewWidth": "1280",
  "privateKey": "",
  "qqplay": {
    "REMOTE_SERVER_ROOT": "",
    "orientation": "portrait"
  },
  "renderMode": "0",
  "scenes": [
    "c0e4e3a0-b011-41b6-82d6-c31f202631fe"
  ],
  "sourceMaps": false,
  "startScene": "c0e4e3a0-b011-41b6-82d6-c31f202631fe",
  "template": "link",
  "title": "classifyShip",
  "useDebugKeystore": true,
  "vsVersion": "auto",
  "webOrientation": "auto",
  "wechatgame": {
    "REMOTE_SERVER_ROOT": "",
    "appid": "wx6ac3f5090a6b99c5",
    "isSubdomain": false,
    "orientation": "portrait",
    "subContext": ""
  },
  "xxteaKey": "d205a30b-873b-4c",
  "zipCompressJs": true,
  "project": "/Users/likeke/Documents/pro/projects/classifyShip",
  "projectName": "classifyShip",
  "debugBuildWorker": false
}
2018-08-13T12:45:24.673Z - normal: Building /Users/likeke/Documents/pro/projects/classifyShip
2018-08-13T12:45:24.674Z - normal: Destination /Users/likeke/Documents/pro/projects/classifyShip/build/web-mobile
2018-08-13T12:45:24.675Z - normal: Delete /Users/likeke/Documents/pro/projects/classifyShip/build/web-mobile/**/*
2018-08-13T12:45:27.526Z - normal: Compiled project javascript file successfully
2018-08-13T12:45:27.526Z - normal: Start building assets
2018-08-13T12:45:27.526Z - normal: Start spawn build-worker
2018-08-13T12:45:28.208Z - normal: Finish spawn build-worker
2018-08-13T12:45:28.208Z - normal: Start init build-worker
2018-08-13T12:45:30.396Z - normal: 1.9.3
2018-08-13T12:45:30.517Z - normal: Finish init build-worker
2018-08-13T12:45:30.519Z - normal: Start build-assets in worker
2018-08-13T12:45:31.235Z - normal: Finish build-assets in worker
2018-08-13T12:45:31.239Z - normal: Finish building assets
2018-08-13T12:45:31.260Z - normal: Start building raw assets
2018-08-13T12:45:31.261Z - normal: Start building plugin scripts
2018-08-13T12:45:31.375Z - normal: Finish building raw assets
2018-08-13T12:45:31.386Z - normal: Generating main.js from /Applications/CocosCreator.app/Contents/Resources/static/build-templates/shares/main.js
2018-08-13T12:45:31.410Z - normal: Generating html from /Applications/CocosCreator.app/Contents/Resources/static/build-templates/web-mobile/template/index.html
2018-08-13T12:45:31.460Z - normal: Built to "/Users/likeke/Documents/pro/projects/classifyShip/build/web-mobile" successfully
2018-08-13T13:41:57.888Z - normal: Start building with options : {
  "androidStudio": true,
  "apiLevel": "",
  "appABIs": [],
  "appKey": "",
  "appSecret": "",
  "buildPath": "/Users/likeke/Documents/pro/projects/classifyShip/build",
  "debug": false,
  "dest": "/Users/likeke/Documents/pro/projects/classifyShip/build/web-mobile",
  "encryptJs": true,
  "excludeScenes": [],
  "excludedModules": [
    "Mask",
    "CCSpriteDistortion",
    "TiledMap",
    "ProgressBar",
    "ScrollBar",
    "ScrollView",
    "Toggle",
    "PageView",
    "PageViewIndicator",
    "Slider",
    "EditorBox",
    "VideoPlayer",
    "RichText",
    "MotionStreak",
    "Graphics",
    "DragonBones",
    "Physics",
    "StudioComponent"
  ],
  "fb-instant-games": {},
  "includeAnySDK": false,
  "includeEruda": false,
  "includeSDKBox": false,
  "inlineSpriteFrames": true,
  "inlineSpriteFrames_native": true,
  "jailbreakPlatform": false,
  "md5Cache": false,
  "mergeStartScene": false,
  "oauthLoginServer": "",
  "optimizeHotUpdate": false,
  "orientation": {
    "landscapeLeft": true,
    "landscapeRight": true,
    "portrait": false,
    "upsideDown": false
  },
  "packageName": "org.cocos2d.ZhuoXiaoYu",
  "platform": "web-mobile",
  "previewHeight": "720",
  "previewWidth": "1280",
  "privateKey": "",
  "qqplay": {
    "REMOTE_SERVER_ROOT": "",
    "orientation": "portrait"
  },
  "renderMode": "0",
  "scenes": [
    "c0e4e3a0-b011-41b6-82d6-c31f202631fe"
  ],
  "sourceMaps": false,
  "startScene": "c0e4e3a0-b011-41b6-82d6-c31f202631fe",
  "template": "link",
  "title": "classifyShip",
  "useDebugKeystore": true,
  "vsVersion": "auto",
  "webOrientation": "auto",
  "wechatgame": {
    "REMOTE_SERVER_ROOT": "",
    "appid": "wx6ac3f5090a6b99c5",
    "isSubdomain": false,
    "orientation": "portrait",
    "subContext": ""
  },
  "xxteaKey": "d205a30b-873b-4c",
  "zipCompressJs": true,
  "project": "/Users/likeke/Documents/pro/projects/classifyShip",
  "projectName": "classifyShip",
  "debugBuildWorker": false
}
2018-08-13T13:41:57.899Z - normal: Building /Users/likeke/Documents/pro/projects/classifyShip
2018-08-13T13:41:57.899Z - normal: Destination /Users/likeke/Documents/pro/projects/classifyShip/build/web-mobile
2018-08-13T13:41:57.900Z - normal: Delete /Users/likeke/Documents/pro/projects/classifyShip/build/web-mobile/**/*
2018-08-13T13:42:03.046Z - normal: Compiled project javascript file successfully
2018-08-13T13:42:03.046Z - normal: Start building assets
2018-08-13T13:42:03.046Z - normal: Start spawn build-worker
2018-08-13T13:42:04.264Z - normal: Finish spawn build-worker
2018-08-13T13:42:04.264Z - normal: Start init build-worker
2018-08-13T13:42:07.840Z - normal: 1.9.3
2018-08-13T13:42:08.019Z - normal: Finish init build-worker
2018-08-13T13:42:08.020Z - normal: Start build-assets in worker
2018-08-13T13:42:09.482Z - normal: Finish build-assets in worker
2018-08-13T13:42:09.485Z - normal: Finish building assets
2018-08-13T13:42:09.510Z - normal: Start building raw assets
2018-08-13T13:42:09.511Z - normal: Start building plugin scripts
2018-08-13T13:42:09.624Z - normal: Finish building raw assets
2018-08-13T13:42:09.634Z - normal: Generating main.js from /Applications/CocosCreator.app/Contents/Resources/static/build-templates/shares/main.js
2018-08-13T13:42:09.646Z - normal: Generating html from /Applications/CocosCreator.app/Contents/Resources/static/build-templates/web-mobile/template/index.html
2018-08-13T13:42:09.654Z - normal: Built to "/Users/likeke/Documents/pro/projects/classifyShip/build/web-mobile" successfully
2018-08-13T13:42:14.861Z - normal: Start building with options : {
  "androidStudio": true,
  "apiLevel": "",
  "appABIs": [],
  "appKey": "",
  "appSecret": "",
  "buildPath": "/Users/likeke/Documents/pro/projects/classifyShip/build",
  "debug": false,
  "dest": "/Users/likeke/Documents/pro/projects/classifyShip/build/web-mobile",
  "encryptJs": true,
  "excludeScenes": [],
  "excludedModules": [
    "Mask",
    "CCSpriteDistortion",
    "TiledMap",
    "ProgressBar",
    "ScrollBar",
    "ScrollView",
    "Toggle",
    "PageView",
    "PageViewIndicator",
    "Slider",
    "EditorBox",
    "VideoPlayer",
    "RichText",
    "MotionStreak",
    "Graphics",
    "DragonBones",
    "Physics",
    "StudioComponent"
  ],
  "fb-instant-games": {},
  "includeAnySDK": false,
  "includeEruda": false,
  "includeSDKBox": false,
  "inlineSpriteFrames": true,
  "inlineSpriteFrames_native": true,
  "jailbreakPlatform": false,
  "md5Cache": false,
  "mergeStartScene": false,
  "oauthLoginServer": "",
  "optimizeHotUpdate": false,
  "orientation": {
    "landscapeLeft": true,
    "landscapeRight": true,
    "portrait": false,
    "upsideDown": false
  },
  "packageName": "org.cocos2d.ZhuoXiaoYu",
  "platform": "web-mobile",
  "previewHeight": "720",
  "previewWidth": "1280",
  "privateKey": "",
  "qqplay": {
    "REMOTE_SERVER_ROOT": "",
    "orientation": "portrait"
  },
  "renderMode": "0",
  "scenes": [
    "c0e4e3a0-b011-41b6-82d6-c31f202631fe"
  ],
  "sourceMaps": false,
  "startScene": "c0e4e3a0-b011-41b6-82d6-c31f202631fe",
  "template": "link",
  "title": "classifyShip",
  "useDebugKeystore": true,
  "vsVersion": "auto",
  "webOrientation": "auto",
  "wechatgame": {
    "REMOTE_SERVER_ROOT": "",
    "appid": "wx6ac3f5090a6b99c5",
    "isSubdomain": false,
    "orientation": "portrait",
    "subContext": ""
  },
  "xxteaKey": "d205a30b-873b-4c",
  "zipCompressJs": true,
  "project": "/Users/likeke/Documents/pro/projects/classifyShip",
  "projectName": "classifyShip",
  "debugBuildWorker": false
}
2018-08-13T13:42:14.863Z - normal: Building /Users/likeke/Documents/pro/projects/classifyShip
2018-08-13T13:42:14.863Z - normal: Destination /Users/likeke/Documents/pro/projects/classifyShip/build/web-mobile
2018-08-13T13:42:14.863Z - normal: Delete /Users/likeke/Documents/pro/projects/classifyShip/build/web-mobile/**/*
2018-08-13T13:42:17.869Z - normal: Compiled project javascript file successfully
2018-08-13T13:42:17.869Z - normal: Start building assets
2018-08-13T13:42:17.869Z - normal: Start spawn build-worker
2018-08-13T13:42:18.643Z - normal: Finish spawn build-worker
2018-08-13T13:42:18.643Z - normal: Start init build-worker
2018-08-13T13:42:20.719Z - normal: 1.9.3
2018-08-13T13:42:20.847Z - normal: Finish init build-worker
2018-08-13T13:42:20.847Z - normal: Start build-assets in worker
2018-08-13T13:42:21.552Z - normal: Finish build-assets in worker
2018-08-13T13:42:21.556Z - normal: Finish building assets
2018-08-13T13:42:21.580Z - normal: Start building raw assets
2018-08-13T13:42:21.580Z - normal: Start building plugin scripts
2018-08-13T13:42:21.693Z - normal: Finish building raw assets
2018-08-13T13:42:21.696Z - normal: Generating main.js from /Applications/CocosCreator.app/Contents/Resources/static/build-templates/shares/main.js
2018-08-13T13:42:21.698Z - normal: Generating html from /Applications/CocosCreator.app/Contents/Resources/static/build-templates/web-mobile/template/index.html
2018-08-13T13:42:21.704Z - normal: Built to "/Users/likeke/Documents/pro/projects/classifyShip/build/web-mobile" successfully
