2018-08-16T09:38:32.003Z - normal: Load ~/.CocosCreator/settings.json
2018-08-16T09:38:32.006Z - normal: checking language setting...
2018-08-16T09:38:32.006Z - normal: Language: zh
2018-08-16T09:38:32.621Z - success: protocol editor-framework registered
2018-08-16T09:38:32.621Z - success: protocol app registered
2018-08-16T09:38:32.621Z - success: protocol theme registered
2018-08-16T09:38:32.622Z - success: protocol packages registered
2018-08-16T09:38:32.622Z - success: protocol unpack registerred
2018-08-16T09:38:32.622Z - success: protocol disable-commonjs registerred
2018-08-16T09:38:35.614Z - normal: failed to connect login server due to request timeout
2018-08-16T09:38:35.615Z - normal: Check project /Users/likeke/Documents/pro/projects/planesFold
2018-08-16T09:38:35.616Z - normal: Initializing Cocos2d
2018-08-16T09:38:35.814Z - normal: Initializing Asset Database
2018-08-16T09:38:35.848Z - success: protocol uuid registerred
2018-08-16T09:38:35.848Z - success: protocol db registerred
2018-08-16T09:38:35.848Z - success: protocol thumbnail registerred
2018-08-16T09:38:35.848Z - normal: Loading editor/builtin packages
2018-08-16T09:38:35.868Z - success: anysdk loaded
2018-08-16T09:38:35.984Z - success: assets loaded
2018-08-16T09:38:35.988Z - success: builder loaded
2018-08-16T09:38:35.989Z - success: cocos-analytics loaded
2018-08-16T09:38:35.994Z - success: console loaded
2018-08-16T09:38:36.027Z - success: fb-instant-games loaded
2018-08-16T09:38:36.032Z - success: hierarchy loaded
2018-08-16T09:38:36.036Z - success: inspector loaded
2018-08-16T09:38:36.037Z - success: keystore loaded
2018-08-16T09:38:36.041Z - success: node-library loaded
2018-08-16T09:38:36.043Z - success: package-asset loaded
2018-08-16T09:38:36.045Z - success: preferences loaded
2018-08-16T09:38:36.048Z - success: project-exporter loaded
2018-08-16T09:38:36.067Z - success: project-importer loaded
2018-08-16T09:38:36.070Z - success: project-settings loaded
2018-08-16T09:38:36.078Z - success: ui-kit loaded
2018-08-16T09:38:36.084Z - success: ui-grid loaded
2018-08-16T09:38:36.088Z - success: scene loaded
2018-08-16T09:38:36.089Z - success: sprite-editor loaded
2018-08-16T09:38:36.093Z - success: store loaded
2018-08-16T09:38:36.098Z - success: timeline loaded
2018-08-16T09:38:36.099Z - normal: Loading builtin packages
2018-08-16T09:38:36.103Z - success: asset-db-debugger loaded
2018-08-16T09:38:36.105Z - success: color-picker loaded
2018-08-16T09:38:36.109Z - success: package-manager loaded
2018-08-16T09:38:36.110Z - success: qqplay-adapter loaded
2018-08-16T09:38:36.117Z - success: sdkbox loaded
2018-08-16T09:38:36.122Z - success: tester loaded
2018-08-16T09:38:36.127Z - success: ui-kit-preview-extra loaded
2018-08-16T09:38:36.131Z - success: ui-kit-preview loaded
2018-08-16T09:38:36.134Z - success: ui-tree loaded
2018-08-16T09:38:36.135Z - success: weapp-adapter loaded
2018-08-16T09:38:37.124Z - normal: Initializing project /Users/likeke/Documents/pro/projects/planesFold
2018-08-16T09:38:37.128Z - normal: Loading packages
2018-08-16T09:38:37.134Z - normal: Watching packages
2018-08-16T09:38:37.259Z - normal: Run Application
2018-08-16T09:38:38.734Z - success: preview server running at http://localhost:7457
2018-08-16T09:38:43.301Z - normal: 1.9.3
